Using pre-set license
Built from '2020.3/staging' branch; Version is '2020.3.30f1 (1fb1bf06830e) revision 2077119'; Using compiler version '192528614'; Build Type 'Release'
OS: 'Windows 10  (10.0.19044) 64bit Professional' Language: 'en' Physical Memory: 7987 MB
BatchMode: 1, IsHumanControllingUs: 0, StartBugReporterOnCrash: 0, Is64bit: 1, IsPro: 0

COMMAND LINE ARGUMENTS:
C:\Program Files\Unity\Hub\Editor\2020.3.30f1\Editor\Unity.exe
-adb2
-batchMode
-noUpm
-name
AssetImportWorker1
-projectPath
D:/Work()/_git/df
-logFile
Logs/AssetImportWorker1.log
-srvPort
51655
Successfully changed project path to: D:/Work()/_git/df
D:/Work()/_git/df
Using Asset Import Pipeline V2.
Refreshing native plugins compatible for Editor in 68.30 ms, found 3 plugins.
Preloading 0 native plugins for Editor in 0.00 ms.
Initialize engine version: 2020.3.30f1 (1fb1bf06830e)
[Subsystems] Discovering subsystems at path C:/Program Files/Unity/Hub/Editor/2020.3.30f1/Editor/Data/Resources/UnitySubsystems
[Subsystems] Discovering subsystems at path D:/Work()/_git/df/Assets
GfxDevice: creating device client; threaded=0
Direct3D:
    Version:  Direct3D 11.0 [level 11.1]
    Renderer: Radeon (TM) 530 (ID=0x6900)
    Vendor:   
    VRAM:     2038 MB
    Driver:   27.20.20903.8001
Initialize mono
Mono path[0] = 'C:/Program Files/Unity/Hub/Editor/2020.3.30f1/Editor/Data/Managed'
Mono path[1] = 'C:/Program Files/Unity/Hub/Editor/2020.3.30f1/Editor/Data/MonoBleedingEdge/lib/mono/unityjit'
Mono config path = 'C:/Program Files/Unity/Hub/Editor/2020.3.30f1/Editor/Data/MonoBleedingEdge/etc'
Using monoOptions --debugger-agent=transport=dt_socket,embedding=1,server=y,suspend=n,address=127.0.0.1:56276
Begin MonoManager ReloadAssembly
Registering precompiled unity dll's ...
Register platform support module: C:/Program Files/Unity/Hub/Editor/2020.3.30f1/Editor/Data/PlaybackEngines/WebGLSupport/UnityEditor.WebGL.Extensions.dll
Register platform support module: C:/Program Files/Unity/Hub/Editor/2020.3.30f1/Editor/Data/PlaybackEngines/WindowsStandaloneSupport/UnityEditor.WindowsStandalone.Extensions.dll
Registered in 0.002029 seconds.
Native extension for WindowsStandalone target not found
Native extension for WebGL target not found
Refreshing native plugins compatible for Editor in 64.59 ms, found 3 plugins.
Preloading 0 native plugins for Editor in 0.00 ms.
Mono: successfully reloaded assembly
- Completed reload, in  0.707 seconds
Domain Reload Profiling:
	ReloadAssembly (708ms)
		BeginReloadAssembly (81ms)
			ExecutionOrderSort (0ms)
			DisableScriptedObjects (0ms)
			BackupInstance (0ms)
			ReleaseScriptingObjects (0ms)
			CreateAndSetChildDomain (1ms)
		EndReloadAssembly (548ms)
			LoadAssemblies (79ms)
			RebuildTransferFunctionScriptingTraits (0ms)
			SetupTypeCache (177ms)
			ReleaseScriptCaches (0ms)
			RebuildScriptCaches (40ms)
			SetupLoadedEditorAssemblies (225ms)
				LogAssemblyErrors (0ms)
				InitializePlatformSupportModulesInManaged (6ms)
				SetLoadedEditorAssemblies (0ms)
				RefreshPlugins (65ms)
				BeforeProcessingInitializeOnLoad (16ms)
				ProcessInitializeOnLoadAttributes (103ms)
				ProcessInitializeOnLoadMethodAttributes (34ms)
				AfterProcessingInitializeOnLoad (0ms)
				EditorAssembliesLoaded (0ms)
			ExecutionOrderSort2 (0ms)
			AwakeInstancesAfterBackupRestoration (0ms)
Platform modules already initialized, skipping
Registering precompiled user dll's ...
Registered in 0.002810 seconds.
Begin MonoManager ReloadAssembly
Native extension for WindowsStandalone target not found
Native extension for WebGL target not found
Refreshing native plugins compatible for Editor in 64.70 ms, found 3 plugins.
Preloading 0 native plugins for Editor in 0.00 ms.
Mono: successfully reloaded assembly
- Completed reload, in  1.403 seconds
Domain Reload Profiling:
	ReloadAssembly (1404ms)
		BeginReloadAssembly (172ms)
			ExecutionOrderSort (0ms)
			DisableScriptedObjects (6ms)
			BackupInstance (0ms)
			ReleaseScriptingObjects (0ms)
			CreateAndSetChildDomain (22ms)
		EndReloadAssembly (1164ms)
			LoadAssemblies (113ms)
			RebuildTransferFunctionScriptingTraits (0ms)
			SetupTypeCache (336ms)
			ReleaseScriptCaches (1ms)
			RebuildScriptCaches (87ms)
			SetupLoadedEditorAssemblies (491ms)
				LogAssemblyErrors (0ms)
				InitializePlatformSupportModulesInManaged (7ms)
				SetLoadedEditorAssemblies (0ms)
				RefreshPlugins (65ms)
				BeforeProcessingInitializeOnLoad (105ms)
				ProcessInitializeOnLoadAttributes (279ms)
				ProcessInitializeOnLoadMethodAttributes (27ms)
				AfterProcessingInitializeOnLoad (7ms)
				EditorAssembliesLoaded (0ms)
			ExecutionOrderSort2 (0ms)
			AwakeInstancesAfterBackupRestoration (8ms)
Platform modules already initialized, skipping
========================================================================
Worker process is ready to serve import requests
Launched and connected shader compiler UnityShaderCompiler.exe after 0.07 seconds
Refreshing native plugins compatible for Editor in 0.74 ms, found 3 plugins.
Preloading 0 native plugins for Editor in 0.00 ms.
Unloading 2479 Unused Serialized files (Serialized files now loaded: 0)
System memory in use before: 114.1 MB.
System memory in use after: 114.2 MB.

Unloading 30 unused Assets to reduce memory usage. Loaded Objects now: 2920.
Total: 3.673900 ms (FindLiveObjects: 0.205700 ms CreateObjectMapping: 0.107700 ms MarkObjects: 3.244500 ms  DeleteObjects: 0.114800 ms)

AssetImportParameters requested are different than current active one (requested -> active):
  custom:framework-win-MediaFoundation: 216162199b28c13a410421893ffa2e32 -> 
  custom:video-decoder-ogg-theora: a1e56fd34408186e4bbccfd4996cb3dc -> 
  custom:container-muxer-webm: aa71ff27fc2769a1b78a27578f13a17b -> 
  custom:container-demuxer-webm: 4f35f7cbe854078d1ac9338744f61a02 -> 
  custom:container-demuxer-ogg: 62fdf1f143b41e24485cea50d1cbac27 -> 
  custom:video-encoder-webm-vp8: eb34c28f22e8b96e1ab97ce403110664 -> 
  custom:video-decoder-webm-vp8: 9c59270c3fd7afecdb556c50c9e8de78 -> 
  custom:audio-decoder-ogg-vorbis: bf7c407c2cedff20999df2af8eb42d56 -> 
  custom:audio-encoder-webm-vorbis: bf7c407c2cedff20999df2af8eb42d56 -> 
========================================================================
Received Import Request.
  path: Assets/Scenes/level6.unity
  artifactKey: Guid(54ec8fc84dae3d149a31be63e14f19a7) Importer(815301076,1909f56bfc062723c751e8b465ee728b)
Start importing Assets/Scenes/level6.unity using Guid(54ec8fc84dae3d149a31be63e14f19a7) Importer(815301076,1909f56bfc062723c751e8b465ee728b)  -> (artifact id: '20e12f348172f32c84d02d61f97fdb34') in 0.019693 seconds 
========================================================================
Received Prepare
Registering precompiled user dll's ...
Registered in 0.002754 seconds.
Begin MonoManager ReloadAssembly
Native extension for WindowsStandalone target not found
Native extension for WebGL target not found
Refreshing native plugins compatible for Editor in 0.68 ms, found 3 plugins.
Preloading 0 native plugins for Editor in 0.00 ms.
Mono: successfully reloaded assembly
- Completed reload, in  1.303 seconds
Domain Reload Profiling:
	ReloadAssembly (1303ms)
		BeginReloadAssembly (149ms)
			ExecutionOrderSort (0ms)
			DisableScriptedObjects (7ms)
			BackupInstance (0ms)
			ReleaseScriptingObjects (0ms)
			CreateAndSetChildDomain (47ms)
		EndReloadAssembly (1075ms)
			LoadAssemblies (129ms)
			RebuildTransferFunctionScriptingTraits (0ms)
			SetupTypeCache (363ms)
			ReleaseScriptCaches (1ms)
			RebuildScriptCaches (69ms)
			SetupLoadedEditorAssemblies (399ms)
				LogAssemblyErrors (0ms)
				InitializePlatformSupportModulesInManaged (6ms)
				SetLoadedEditorAssemblies (1ms)
				RefreshPlugins (1ms)
				BeforeProcessingInitializeOnLoad (113ms)
				ProcessInitializeOnLoadAttributes (259ms)
				ProcessInitializeOnLoadMethodAttributes (13ms)
				AfterProcessingInitializeOnLoad (6ms)
				EditorAssembliesLoaded (0ms)
			ExecutionOrderSort2 (0ms)
			AwakeInstancesAfterBackupRestoration (11ms)
Platform modules already initialized, skipping
Refreshing native plugins compatible for Editor in 0.64 ms, found 3 plugins.
Preloading 0 native plugins for Editor in 0.00 ms.
Unloading 2444 Unused Serialized files (Serialized files now loaded: 0)
System memory in use before: 111.2 MB.
System memory in use after: 111.3 MB.

Unloading 20 unused Assets to reduce memory usage. Loaded Objects now: 2922.
Total: 4.087800 ms (FindLiveObjects: 0.226100 ms CreateObjectMapping: 0.152300 ms MarkObjects: 3.598400 ms  DeleteObjects: 0.109600 ms)

AssetImportParameters requested are different than current active one (requested -> active):
  custom:framework-win-MediaFoundation: 216162199b28c13a410421893ffa2e32 -> 
  custom:video-decoder-ogg-theora: a1e56fd34408186e4bbccfd4996cb3dc -> 
  custom:container-muxer-webm: aa71ff27fc2769a1b78a27578f13a17b -> 
  custom:container-demuxer-webm: 4f35f7cbe854078d1ac9338744f61a02 -> 
  custom:container-demuxer-ogg: 62fdf1f143b41e24485cea50d1cbac27 -> 
  custom:video-encoder-webm-vp8: eb34c28f22e8b96e1ab97ce403110664 -> 
  custom:video-decoder-webm-vp8: 9c59270c3fd7afecdb556c50c9e8de78 -> 
  custom:audio-decoder-ogg-vorbis: bf7c407c2cedff20999df2af8eb42d56 -> 
  custom:audio-encoder-webm-vorbis: bf7c407c2cedff20999df2af8eb42d56 -> 
========================================================================
Received Prepare
Refreshing native plugins compatible for Editor in 3.53 ms, found 3 plugins.
Preloading 0 native plugins for Editor in 0.00 ms.
Unloading 17 Unused Serialized files (Serialized files now loaded: 0)
System memory in use before: 62.9 MB.
System memory in use after: 63.0 MB.

Unloading 17 unused Assets to reduce memory usage. Loaded Objects now: 2922.
Total: 4.499600 ms (FindLiveObjects: 0.202900 ms CreateObjectMapping: 0.128000 ms MarkObjects: 4.058500 ms  DeleteObjects: 0.109200 ms)

AssetImportParameters requested are different than current active one (requested -> active):
  custom:framework-win-MediaFoundation: 216162199b28c13a410421893ffa2e32 -> 
  custom:video-decoder-ogg-theora: a1e56fd34408186e4bbccfd4996cb3dc -> 
  custom:container-muxer-webm: aa71ff27fc2769a1b78a27578f13a17b -> 
  custom:container-demuxer-webm: 4f35f7cbe854078d1ac9338744f61a02 -> 
  custom:container-demuxer-ogg: 62fdf1f143b41e24485cea50d1cbac27 -> 
  custom:video-encoder-webm-vp8: eb34c28f22e8b96e1ab97ce403110664 -> 
  custom:video-decoder-webm-vp8: 9c59270c3fd7afecdb556c50c9e8de78 -> 
  custom:audio-decoder-ogg-vorbis: bf7c407c2cedff20999df2af8eb42d56 -> 
  custom:audio-encoder-webm-vorbis: bf7c407c2cedff20999df2af8eb42d56 -> 
========================================================================
Received Import Request.
  Time since last request: 1005.288275 seconds.
  path: Assets/_prefabs/Ground/FloatPlatform2v3.prefab
  artifactKey: Guid(630dfb2bea0a23b4b8b1f2edde942d81) Importer(815301076,1909f56bfc062723c751e8b465ee728b)
Start importing Assets/_prefabs/Ground/FloatPlatform2v3.prefab using Guid(630dfb2bea0a23b4b8b1f2edde942d81) Importer(815301076,1909f56bfc062723c751e8b465ee728b)  -> (artifact id: '6d81aac1769ab336dd19704d13cb1b83') in 0.178115 seconds 
========================================================================
Received Import Request.
  Time since last request: 3.736998 seconds.
  path: Assets/_prefabs/Ground/FloatPlatform2v3.prefab
  artifactKey: Guid(630dfb2bea0a23b4b8b1f2edde942d81) Importer(815301076,1909f56bfc062723c751e8b465ee728b)
Start importing Assets/_prefabs/Ground/FloatPlatform2v3.prefab using Guid(630dfb2bea0a23b4b8b1f2edde942d81) Importer(815301076,1909f56bfc062723c751e8b465ee728b)  -> (artifact id: 'e4d62e104e6b4af3733842454febffac') in 0.019916 seconds 
========================================================================
Received Import Request.
  Time since last request: 12.351631 seconds.
  path: Assets/_prefabs/Ground/FloatPlatform1v4.prefab
  artifactKey: Guid(b0f2dd2b4b1aa1f4bbb6e94bba13e2a7) Importer(815301076,1909f56bfc062723c751e8b465ee728b)
Start importing Assets/_prefabs/Ground/FloatPlatform1v4.prefab using Guid(b0f2dd2b4b1aa1f4bbb6e94bba13e2a7) Importer(815301076,1909f56bfc062723c751e8b465ee728b)  -> (artifact id: '416123bd0acb3173bc2157e537f627f9') in 0.017887 seconds 
========================================================================
Received Import Request.
  Time since last request: 1.444635 seconds.
  path: Assets/_prefabs/Ground/FloatPlatform1v4.prefab
  artifactKey: Guid(b0f2dd2b4b1aa1f4bbb6e94bba13e2a7) Importer(815301076,1909f56bfc062723c751e8b465ee728b)
Start importing Assets/_prefabs/Ground/FloatPlatform1v4.prefab using Guid(b0f2dd2b4b1aa1f4bbb6e94bba13e2a7) Importer(815301076,1909f56bfc062723c751e8b465ee728b)  -> (artifact id: '1636f69236ad26dfccbab8b0d30f5fe2') in 0.019344 seconds 
========================================================================
Received Import Request.
  Time since last request: 12.659169 seconds.
  path: Assets/_prefabs/Ground/FloatPlatform1v2.prefab
  artifactKey: Guid(8777ddb3d6f1e3c4a9b0c02a7cb0f90b) Importer(815301076,1909f56bfc062723c751e8b465ee728b)
Start importing Assets/_prefabs/Ground/FloatPlatform1v2.prefab using Guid(8777ddb3d6f1e3c4a9b0c02a7cb0f90b) Importer(815301076,1909f56bfc062723c751e8b465ee728b)  -> (artifact id: 'eb39afeb2f203ecc3a8ebdc2f6e47522') in 0.031157 seconds 
========================================================================
Received Import Request.
  Time since last request: 17.210996 seconds.
  path: Assets/_prefabs/Ground/FloatPlatform3v3.prefab
  artifactKey: Guid(372eb9da5940103439d32a843d5f54fe) Importer(815301076,1909f56bfc062723c751e8b465ee728b)
Start importing Assets/_prefabs/Ground/FloatPlatform3v3.prefab using Guid(372eb9da5940103439d32a843d5f54fe) Importer(815301076,1909f56bfc062723c751e8b465ee728b)  -> (artifact id: 'be838cf8dd3c74249a9cb9c413a2eedb') in 0.019805 seconds 
========================================================================
Received Import Request.
  Time since last request: 15.811989 seconds.
  path: Assets/_prefabs/Ground/FloatPlatform3v5.prefab
  artifactKey: Guid(0121b2bc6a171764b816b0d56dda85fd) Importer(815301076,1909f56bfc062723c751e8b465ee728b)
Start importing Assets/_prefabs/Ground/FloatPlatform3v5.prefab using Guid(0121b2bc6a171764b816b0d56dda85fd) Importer(815301076,1909f56bfc062723c751e8b465ee728b)  -> (artifact id: 'f596590b454a0ec2b17b74bd6385a6cc') in 0.032256 seconds 
========================================================================
Received Import Request.
  Time since last request: 6.457947 seconds.
  path: Assets/_prefabs/Ground/FloatPlatform3v5.prefab
  artifactKey: Guid(0121b2bc6a171764b816b0d56dda85fd) Importer(815301076,1909f56bfc062723c751e8b465ee728b)
Start importing Assets/_prefabs/Ground/FloatPlatform3v5.prefab using Guid(0121b2bc6a171764b816b0d56dda85fd) Importer(815301076,1909f56bfc062723c751e8b465ee728b)  -> (artifact id: '603c572f52edb811db888e6f8d561f0f') in 0.022681 seconds 
========================================================================
Received Import Request.
  Time since last request: 6.506258 seconds.
  path: Assets/_prefabs/Ground/FloatPlatform3v5.prefab
  artifactKey: Guid(0121b2bc6a171764b816b0d56dda85fd) Importer(815301076,1909f56bfc062723c751e8b465ee728b)
Start importing Assets/_prefabs/Ground/FloatPlatform3v5.prefab using Guid(0121b2bc6a171764b816b0d56dda85fd) Importer(815301076,1909f56bfc062723c751e8b465ee728b)  -> (artifact id: '253c942e81a59fccff9265b15738e833') in 0.017347 seconds 
========================================================================
Received Prepare
Refreshing native plugins compatible for Editor in 5.08 ms, found 3 plugins.
Preloading 0 native plugins for Editor in 0.00 ms.
Unloading 17 Unused Serialized files (Serialized files now loaded: 0)
System memory in use before: 68.3 MB.
System memory in use after: 68.4 MB.

Unloading 17 unused Assets to reduce memory usage. Loaded Objects now: 2929.
Total: 4.303700 ms (FindLiveObjects: 0.210700 ms CreateObjectMapping: 0.115700 ms MarkObjects: 3.871200 ms  DeleteObjects: 0.105100 ms)

AssetImportParameters requested are different than current active one (requested -> active):
  custom:framework-win-MediaFoundation: 216162199b28c13a410421893ffa2e32 -> 
  custom:video-decoder-ogg-theora: a1e56fd34408186e4bbccfd4996cb3dc -> 
  custom:container-muxer-webm: aa71ff27fc2769a1b78a27578f13a17b -> 
  custom:container-demuxer-webm: 4f35f7cbe854078d1ac9338744f61a02 -> 
  custom:container-demuxer-ogg: 62fdf1f143b41e24485cea50d1cbac27 -> 
  custom:video-encoder-webm-vp8: eb34c28f22e8b96e1ab97ce403110664 -> 
  custom:video-decoder-webm-vp8: 9c59270c3fd7afecdb556c50c9e8de78 -> 
  custom:audio-decoder-ogg-vorbis: bf7c407c2cedff20999df2af8eb42d56 -> 
  custom:audio-encoder-webm-vorbis: bf7c407c2cedff20999df2af8eb42d56 -> 
AssetImportWorkerClient::OnTransportError - code=2 error=End of file
