Using pre-set license
Built from '2020.3/staging' branch; Version is '2020.3.30f1 (1fb1bf06830e) revision 2077119'; Using compiler version '192528614'; Build Type 'Release'
OS: 'Windows 10  (10.0.19044) 64bit Professional' Language: 'en' Physical Memory: 7987 MB
BatchMode: 1, IsHumanControllingUs: 0, StartBugReporterOnCrash: 0, Is64bit: 1, IsPro: 0

COMMAND LINE ARGUMENTS:
C:\Program Files\Unity\Hub\Editor\2020.3.30f1\Editor\Unity.exe
-adb2
-batchMode
-noUpm
-name
AssetImportWorker0
-projectPath
D:/Work()/_git/df
-logFile
Logs/AssetImportWorker0.log
-srvPort
59040
Successfully changed project path to: D:/Work()/_git/df
D:/Work()/_git/df
Using Asset Import Pipeline V2.
Refreshing native plugins compatible for Editor in 78.31 ms, found 3 plugins.
Preloading 0 native plugins for Editor in 0.00 ms.
Initialize engine version: 2020.3.30f1 (1fb1bf06830e)
[Subsystems] Discovering subsystems at path C:/Program Files/Unity/Hub/Editor/2020.3.30f1/Editor/Data/Resources/UnitySubsystems
[Subsystems] Discovering subsystems at path D:/Work()/_git/df/Assets
GfxDevice: creating device client; threaded=0
Direct3D:
    Version:  Direct3D 11.0 [level 11.1]
    Renderer: Radeon (TM) 530 (ID=0x6900)
    Vendor:   
    VRAM:     2038 MB
    Driver:   27.20.20903.8001
Initialize mono
Mono path[0] = 'C:/Program Files/Unity/Hub/Editor/2020.3.30f1/Editor/Data/Managed'
Mono path[1] = 'C:/Program Files/Unity/Hub/Editor/2020.3.30f1/Editor/Data/MonoBleedingEdge/lib/mono/unityjit'
Mono config path = 'C:/Program Files/Unity/Hub/Editor/2020.3.30f1/Editor/Data/MonoBleedingEdge/etc'
Using monoOptions --debugger-agent=transport=dt_socket,embedding=1,server=y,suspend=n,address=127.0.0.1:56736
Begin MonoManager ReloadAssembly
Registering precompiled unity dll's ...
Register platform support module: C:/Program Files/Unity/Hub/Editor/2020.3.30f1/Editor/Data/PlaybackEngines/WebGLSupport/UnityEditor.WebGL.Extensions.dll
Register platform support module: C:/Program Files/Unity/Hub/Editor/2020.3.30f1/Editor/Data/PlaybackEngines/WindowsStandaloneSupport/UnityEditor.WindowsStandalone.Extensions.dll
Registered in 0.002140 seconds.
Native extension for WindowsStandalone target not found
Native extension for WebGL target not found
Refreshing native plugins compatible for Editor in 73.81 ms, found 3 plugins.
Preloading 0 native plugins for Editor in 0.00 ms.
Mono: successfully reloaded assembly
- Completed reload, in  0.778 seconds
Domain Reload Profiling:
	ReloadAssembly (778ms)
		BeginReloadAssembly (81ms)
			ExecutionOrderSort (0ms)
			DisableScriptedObjects (0ms)
			BackupInstance (0ms)
			ReleaseScriptingObjects (0ms)
			CreateAndSetChildDomain (2ms)
		EndReloadAssembly (592ms)
			LoadAssemblies (78ms)
			RebuildTransferFunctionScriptingTraits (0ms)
			SetupTypeCache (190ms)
			ReleaseScriptCaches (0ms)
			RebuildScriptCaches (43ms)
			SetupLoadedEditorAssemblies (247ms)
				LogAssemblyErrors (0ms)
				InitializePlatformSupportModulesInManaged (6ms)
				SetLoadedEditorAssemblies (1ms)
				RefreshPlugins (74ms)
				BeforeProcessingInitializeOnLoad (15ms)
				ProcessInitializeOnLoadAttributes (112ms)
				ProcessInitializeOnLoadMethodAttributes (39ms)
				AfterProcessingInitializeOnLoad (0ms)
				EditorAssembliesLoaded (0ms)
			ExecutionOrderSort2 (0ms)
			AwakeInstancesAfterBackupRestoration (0ms)
Platform modules already initialized, skipping
Registering precompiled user dll's ...
Registered in 0.002802 seconds.
Begin MonoManager ReloadAssembly
Native extension for WindowsStandalone target not found
Native extension for WebGL target not found
Refreshing native plugins compatible for Editor in 69.50 ms, found 3 plugins.
Preloading 0 native plugins for Editor in 0.00 ms.
Mono: successfully reloaded assembly
- Completed reload, in  1.411 seconds
Domain Reload Profiling:
	ReloadAssembly (1412ms)
		BeginReloadAssembly (182ms)
			ExecutionOrderSort (0ms)
			DisableScriptedObjects (7ms)
			BackupInstance (0ms)
			ReleaseScriptingObjects (0ms)
			CreateAndSetChildDomain (21ms)
		EndReloadAssembly (1147ms)
			LoadAssemblies (115ms)
			RebuildTransferFunctionScriptingTraits (0ms)
			SetupTypeCache (353ms)
			ReleaseScriptCaches (0ms)
			RebuildScriptCaches (72ms)
			SetupLoadedEditorAssemblies (473ms)
				LogAssemblyErrors (0ms)
				InitializePlatformSupportModulesInManaged (6ms)
				SetLoadedEditorAssemblies (0ms)
				RefreshPlugins (70ms)
				BeforeProcessingInitializeOnLoad (97ms)
				ProcessInitializeOnLoadAttributes (276ms)
				ProcessInitializeOnLoadMethodAttributes (19ms)
				AfterProcessingInitializeOnLoad (5ms)
				EditorAssembliesLoaded (0ms)
			ExecutionOrderSort2 (0ms)
			AwakeInstancesAfterBackupRestoration (7ms)
Platform modules already initialized, skipping
========================================================================
Worker process is ready to serve import requests
Launched and connected shader compiler UnityShaderCompiler.exe after 0.05 seconds
Refreshing native plugins compatible for Editor in 0.67 ms, found 3 plugins.
Preloading 0 native plugins for Editor in 0.00 ms.
Unloading 2480 Unused Serialized files (Serialized files now loaded: 0)
System memory in use before: 114.1 MB.
System memory in use after: 114.2 MB.

Unloading 30 unused Assets to reduce memory usage. Loaded Objects now: 2921.
Total: 3.676300 ms (FindLiveObjects: 0.198100 ms CreateObjectMapping: 0.096500 ms MarkObjects: 3.272500 ms  DeleteObjects: 0.108200 ms)

AssetImportParameters requested are different than current active one (requested -> active):
  custom:framework-win-MediaFoundation: 216162199b28c13a410421893ffa2e32 -> 
  custom:video-decoder-ogg-theora: a1e56fd34408186e4bbccfd4996cb3dc -> 
  custom:container-muxer-webm: aa71ff27fc2769a1b78a27578f13a17b -> 
  custom:container-demuxer-webm: 4f35f7cbe854078d1ac9338744f61a02 -> 
  custom:container-demuxer-ogg: 62fdf1f143b41e24485cea50d1cbac27 -> 
  custom:video-encoder-webm-vp8: eb34c28f22e8b96e1ab97ce403110664 -> 
  custom:video-decoder-webm-vp8: 9c59270c3fd7afecdb556c50c9e8de78 -> 
  custom:audio-decoder-ogg-vorbis: bf7c407c2cedff20999df2af8eb42d56 -> 
  custom:audio-encoder-webm-vorbis: bf7c407c2cedff20999df2af8eb42d56 -> 
========================================================================
Received Import Request.
  path: Assets/Scenes/level6.unity
  artifactKey: Guid(54ec8fc84dae3d149a31be63e14f19a7) Importer(815301076,1909f56bfc062723c751e8b465ee728b)
Start importing Assets/Scenes/level6.unity using Guid(54ec8fc84dae3d149a31be63e14f19a7) Importer(815301076,1909f56bfc062723c751e8b465ee728b)  -> (artifact id: '1ab49ba189e263f6c56a8cde67e9e434') in 0.018672 seconds 
========================================================================
Received Import Request.
  Time since last request: 0.000580 seconds.
  path: Assets/Scenes/level1.unity
  artifactKey: Guid(5b00b6cf325574a4b97e9d2daf2b18c7) Importer(815301076,1909f56bfc062723c751e8b465ee728b)
Start importing Assets/Scenes/level1.unity using Guid(5b00b6cf325574a4b97e9d2daf2b18c7) Importer(815301076,1909f56bfc062723c751e8b465ee728b)  -> (artifact id: '2c0a9c26ecc0919c1a76cc679e4f1ad7') in 0.003892 seconds 
========================================================================
Received Import Request.
  Time since last request: 23.058575 seconds.
  path: Assets/Scenes/level2.unity
  artifactKey: Guid(cb637f7ec6f10564aa7339d569b2ec5f) Importer(815301076,1909f56bfc062723c751e8b465ee728b)
Start importing Assets/Scenes/level2.unity using Guid(cb637f7ec6f10564aa7339d569b2ec5f) Importer(815301076,1909f56bfc062723c751e8b465ee728b)  -> (artifact id: '7a6a5de4469aab4298d4e548d65af645') in 0.004502 seconds 
========================================================================
Received Import Request.
  Time since last request: 4.106370 seconds.
  path: Assets/Scenes/level3.unity
  artifactKey: Guid(633a45396d19b694e8e4abb996cb06ec) Importer(815301076,1909f56bfc062723c751e8b465ee728b)
Start importing Assets/Scenes/level3.unity using Guid(633a45396d19b694e8e4abb996cb06ec) Importer(815301076,1909f56bfc062723c751e8b465ee728b)  -> (artifact id: '030048ff0678f01b6d2c95d544eff7b8') in 0.003985 seconds 
========================================================================
Received Import Request.
  Time since last request: 1.733337 seconds.
  path: Assets/Scenes/level4.unity
  artifactKey: Guid(3b8a655f025752a418dd7320826dd770) Importer(815301076,1909f56bfc062723c751e8b465ee728b)
Start importing Assets/Scenes/level4.unity using Guid(3b8a655f025752a418dd7320826dd770) Importer(815301076,1909f56bfc062723c751e8b465ee728b)  -> (artifact id: '39489efae780345df8627901c0b66982') in 0.004282 seconds 
========================================================================
Received Import Request.
  Time since last request: 0.510768 seconds.
  path: Assets/Scenes/level5.unity
  artifactKey: Guid(ac7105c72bba4ff45af9230747c6a72c) Importer(815301076,1909f56bfc062723c751e8b465ee728b)
Start importing Assets/Scenes/level5.unity using Guid(ac7105c72bba4ff45af9230747c6a72c) Importer(815301076,1909f56bfc062723c751e8b465ee728b)  -> (artifact id: 'bd206066c6da5067dbd2b9734ef2e6cd') in 0.004395 seconds 
========================================================================
Received Import Request.
  Time since last request: 166.368673 seconds.
  path: Assets/Scenes/level3.unity
  artifactKey: Guid(633a45396d19b694e8e4abb996cb06ec) Importer(815301076,1909f56bfc062723c751e8b465ee728b)
Start importing Assets/Scenes/level3.unity using Guid(633a45396d19b694e8e4abb996cb06ec) Importer(815301076,1909f56bfc062723c751e8b465ee728b)  -> (artifact id: '6c7f8a21c8f089575255cb3510d22b8c') in 0.004038 seconds 
========================================================================
Received Prepare
Refreshing native plugins compatible for Editor in 3.78 ms, found 3 plugins.
Preloading 0 native plugins for Editor in 0.00 ms.
Unloading 17 Unused Serialized files (Serialized files now loaded: 0)
System memory in use before: 62.7 MB.
System memory in use after: 62.8 MB.

Unloading 17 unused Assets to reduce memory usage. Loaded Objects now: 2921.
Total: 4.081800 ms (FindLiveObjects: 0.185100 ms CreateObjectMapping: 0.127600 ms MarkObjects: 3.664500 ms  DeleteObjects: 0.103500 ms)

AssetImportParameters requested are different than current active one (requested -> active):
  custom:framework-win-MediaFoundation: 216162199b28c13a410421893ffa2e32 -> 
  custom:video-decoder-ogg-theora: a1e56fd34408186e4bbccfd4996cb3dc -> 
  custom:container-muxer-webm: aa71ff27fc2769a1b78a27578f13a17b -> 
  custom:container-demuxer-webm: 4f35f7cbe854078d1ac9338744f61a02 -> 
  custom:container-demuxer-ogg: 62fdf1f143b41e24485cea50d1cbac27 -> 
  custom:video-encoder-webm-vp8: eb34c28f22e8b96e1ab97ce403110664 -> 
  custom:video-decoder-webm-vp8: 9c59270c3fd7afecdb556c50c9e8de78 -> 
  custom:audio-decoder-ogg-vorbis: bf7c407c2cedff20999df2af8eb42d56 -> 
  custom:audio-encoder-webm-vorbis: bf7c407c2cedff20999df2af8eb42d56 -> 
========================================================================
Received Import Request.
  Time since last request: 43.754154 seconds.
  path: Assets/Scenes/post/Post-processingProfileOrange.asset
  artifactKey: Guid(dcc354b69f4b86844ba917e0b00ba201) Importer(815301076,1909f56bfc062723c751e8b465ee728b)
Start importing Assets/Scenes/post/Post-processingProfileOrange.asset using Guid(dcc354b69f4b86844ba917e0b00ba201) Importer(815301076,1909f56bfc062723c751e8b465ee728b)  -> (artifact id: 'aa46530e66ea526abc48f8c000778095') in 0.049749 seconds 
========================================================================
Received Import Request.
  Time since last request: 15.236045 seconds.
  path: Assets/Scenes/post/Post-processingProfileYellow.asset
  artifactKey: Guid(dcc354b69f4b86844ba917e0b00ba201) Importer(815301076,1909f56bfc062723c751e8b465ee728b)
Start importing Assets/Scenes/post/Post-processingProfileYellow.asset using Guid(dcc354b69f4b86844ba917e0b00ba201) Importer(815301076,1909f56bfc062723c751e8b465ee728b)  -> (artifact id: '5271c6811f3c7e566bf12c7efbbce193') in 0.007768 seconds 
========================================================================
Received Import Request.
  Time since last request: 4.429475 seconds.
  path: Assets/Scenes/level2.unity
  artifactKey: Guid(cb637f7ec6f10564aa7339d569b2ec5f) Importer(815301076,1909f56bfc062723c751e8b465ee728b)
Start importing Assets/Scenes/level2.unity using Guid(cb637f7ec6f10564aa7339d569b2ec5f) Importer(815301076,1909f56bfc062723c751e8b465ee728b)  -> (artifact id: 'af0c4f5121f583711b2b09a253720278') in 0.003241 seconds 
========================================================================
Received Import Request.
  Time since last request: 60.451676 seconds.
  path: Assets/Scenes/post/Post-processingProfileYellow.asset
  artifactKey: Guid(dcc354b69f4b86844ba917e0b00ba201) Importer(815301076,1909f56bfc062723c751e8b465ee728b)
Start importing Assets/Scenes/post/Post-processingProfileYellow.asset using Guid(dcc354b69f4b86844ba917e0b00ba201) Importer(815301076,1909f56bfc062723c751e8b465ee728b)  -> (artifact id: '376eca0bb2431e6269e49aee1cb885e0') in 0.006075 seconds 
========================================================================
Received Prepare
Refreshing native plugins compatible for Editor in 4.21 ms, found 3 plugins.
Preloading 0 native plugins for Editor in 0.00 ms.
Unloading 17 Unused Serialized files (Serialized files now loaded: 0)
System memory in use before: 62.9 MB.
System memory in use after: 63.0 MB.

Unloading 17 unused Assets to reduce memory usage. Loaded Objects now: 2921.
Total: 5.518900 ms (FindLiveObjects: 0.216700 ms CreateObjectMapping: 0.136000 ms MarkObjects: 5.009900 ms  DeleteObjects: 0.154800 ms)

AssetImportParameters requested are different than current active one (requested -> active):
  custom:framework-win-MediaFoundation: 216162199b28c13a410421893ffa2e32 -> 
  custom:video-decoder-ogg-theora: a1e56fd34408186e4bbccfd4996cb3dc -> 
  custom:container-muxer-webm: aa71ff27fc2769a1b78a27578f13a17b -> 
  custom:container-demuxer-webm: 4f35f7cbe854078d1ac9338744f61a02 -> 
  custom:container-demuxer-ogg: 62fdf1f143b41e24485cea50d1cbac27 -> 
  custom:video-encoder-webm-vp8: eb34c28f22e8b96e1ab97ce403110664 -> 
  custom:video-decoder-webm-vp8: 9c59270c3fd7afecdb556c50c9e8de78 -> 
  custom:audio-decoder-ogg-vorbis: bf7c407c2cedff20999df2af8eb42d56 -> 
  custom:audio-encoder-webm-vorbis: bf7c407c2cedff20999df2af8eb42d56 -> 
AssetImportWorkerClient::OnTransportError - code=2 error=End of file
